-------------------------------------------------------------------------------
Test set: fr.java.concurrency.service.StructuredConcurrencyTest
-------------------------------------------------------------------------------
Tests run: 1, Failures: 0, Errors: 1, Skipped: 0, Time elapsed: 1.168 s <<< FAILURE! -- in fr.java.concurrency.service.StructuredConcurrencyTest
fr.java.concurrency.service.StructuredConcurrencyTest.drink -- Time elapsed: 1.151 s <<< ERROR!
java.lang.IllegalStateException: Subtask not completed or did not complete successfully
	at java.base/java.util.concurrent.StructuredTaskScope$SubtaskImpl.get(StructuredTaskScope.java:936)
	at fr.java.concurrency.service.StructuredConcurrency.async(StructuredConcurrency.java:27)
	at fr.java.concurrency.service.StructuredConcurrencyTest.lambda$drink$0(StructuredConcurrencyTest.java:41)
	at org.awaitility.core.CallableCondition$ConditionEvaluationWrapper.eval(CallableCondition.java:99)
	at org.awaitility.core.ConditionAwaiter$ConditionPoller.call(ConditionAwaiter.java:248)
	at org.awaitility.core.ConditionAwaiter$ConditionPoller.call(ConditionAwaiter.java:235)
	at java.base/java.util.concurrent.FutureTask.run(FutureTask.java:317)
	at java.base/java.util.concurrent.ThreadPoolExecutor.runWorker(ThreadPoolExecutor.java:1144)
	at java.base/java.util.concurrent.ThreadPoolExecutor$Worker.run(ThreadPoolExecutor.java:642)
	at java.base/java.lang.Thread.run(Thread.java:1583)

